# JRE version: OpenJDK Runtime Environment Temurin-21.0.10+7 (21.0.10+7) (build 21.0.10+7-LTS)
# Java VM: OpenJDK 64-Bit Server VM Temurin-21.0.10+7 (21.0.10+7-LTS, mixed mode, sharing, tiered, compressed oops, compressed class ptrs, g1 gc, windows-amd64)
GC Precious Log:
 CardTable entry size: 512
 Card Set container configuration: InlinePtr #cards 5 size 8 Array Of Cards #cards 12 size 40 Howl #buckets 4 coarsen threshold 1843 Howl Bitmap #cards 512 size 80 coarsen threshold 460 Card regions per heap region 1 cards per card region 2048
 CPUs: 12 total, 12 available
 Memory: 3425M
 Large Page Support: Disabled
 NUMA Support: Disabled
 Compressed Oops: Enabled (32-bit)
 Heap Region Size: 1M
 Heap Min Capacity: 8M
 Heap Initial Capacity: 54M
 Heap Max Capacity: 858M
 Pre-touch: Disabled
 Parallel Workers: 10
 Concurrent Workers: 3
 Concurrent Refinement Workers: 10
 Periodic GC: Disabled
Heap:
 garbage-first heap   total 91136K, used 77465K [0x00000000ca600000, 0x0000000100000000)
  region size 1024K, 47 young (48128K), 3 survivors (3072K)
 Metaspace       used 60052K, committed 60672K, reserved 1114112K
  class space    used 6957K, committed 7232K, reserved 1048576K
GC Heap History (20 events):
Event: 2.849 GC heap before
{Heap before GC invocations=7 (full 0):
 garbage-first heap   total 51200K, used 40970K [0x00000000ca600000, 0x0000000100000000)
  region size 1024K, 27 young (27648K), 1 survivors (1024K)
 Metaspace       used 26989K, committed 27328K, reserved 1114112K
  class space    used 3223K, committed 3392K, reserved 1048576K
}
Event: 2.856 GC heap after
{Heap after GC invocations=8 (full 0):
 garbage-first heap   total 61440K, used 18855K [0x00000000ca600000, 0x0000000100000000)
  region size 1024K, 4 young (4096K), 4 survivors (4096K)
 Metaspace       used 26989K, committed 27328K, reserved 1114112K
  class space    used 3223K, committed 3392K, reserved 1048576K
}
Event: 3.236 GC heap before
{Heap before GC invocations=8 (full 0):
 garbage-first heap   total 61440K, used 45479K [0x00000000ca600000, 0x0000000100000000)
  region size 1024K, 31 young (31744K), 4 survivors (4096K)
 Metaspace       used 27855K, committed 28160K, reserved 1114112K
  class space    used 3276K, committed 3456K, reserved 1048576K
}
Event: 3.244 GC heap after
{Heap after GC invocations=9 (full 0):
 garbage-first heap   total 61440K, used 20715K [0x00000000ca600000, 0x0000000100000000)
  region size 1024K, 2 young (2048K), 2 survivors (2048K)
 Metaspace       used 27855K, committed 28160K, reserved 1114112K
  class space    used 3276K, committed 3456K, reserved 1048576K
}
Event: 3.605 GC heap before
{Heap before GC invocations=9 (full 0):
 garbage-first heap   total 61440K, used 48363K [0x00000000ca600000, 0x0000000100000000)
  region size 1024K, 29 young (29696K), 2 survivors (2048K)
 Metaspace       used 29677K, committed 30144K, reserved 1114112K
  class space    used 3545K, committed 3776K, reserved 1048576K
}
Event: 3.608 GC heap after
{Heap after GC invocations=10 (full 0):
 garbage-first heap   total 61440K, used 21788K [0x00000000ca600000, 0x0000000100000000)
  region size 1024K, 3 young (3072K), 3 survivors (3072K)
 Metaspace       used 29677K, committed 30144K, reserved 1114112K
  class space    used 3545K, committed 3776K, reserved 1048576K
}
Event: 3.699 GC heap before
{Heap before GC invocations=10 (full 0):
 garbage-first heap   total 61440K, used 34076K [0x00000000ca600000, 0x0000000100000000)
  region size 1024K, 8 young (8192K), 3 survivors (3072K)
 Metaspace       used 30652K, committed 31040K, reserved 1114112K
  class space    used 3656K, committed 3840K, reserved 1048576K
}
Event: 3.702 GC heap after
{Heap after GC invocations=11 (full 0):
 garbage-first heap   total 61440K, used 30854K [0x00000000ca600000, 0x0000000100000000)
  region size 1024K, 3 young (3072K), 3 survivors (3072K)
 Metaspace       used 30652K, committed 31040K, reserved 1114112K
  class space    used 3656K, committed 3840K, reserved 1048576K
}
Event: 4.027 GC heap before
{Heap before GC invocations=12 (full 0):
 garbage-first heap   total 66560K, used 64646K [0x00000000ca600000, 0x0000000100000000)
  region size 1024K, 22 young (22528K), 3 survivors (3072K)
 Metaspace       used 31288K, committed 31680K, reserved 1114112K
  class space    used 3714K, committed 3904K, reserved 1048576K
}
Event: 4.029 GC heap after
{Heap after GC invocations=13 (full 0):
 garbage-first heap   total 70656K, used 23070K [0x00000000ca600000, 0x0000000100000000)
  region size 1024K, 2 young (2048K), 2 survivors (2048K)
 Metaspace       used 31288K, committed 31680K, reserved 1114112K
  class space    used 3714K, committed 3904K, reserved 1048576K
}
Event: 4.317 GC heap before
{Heap before GC invocations=13 (full 0):
 garbage-first heap   total 70656K, used 69150K [0x00000000ca600000, 0x0000000100000000)
  region size 1024K, 36 young (36864K), 2 survivors (2048K)
 Metaspace       used 32022K, committed 32448K, reserved 1114112K
  class space    used 3745K, committed 3904K, reserved 1048576K
}
Event: 4.321 GC heap after
{Heap after GC invocations=14 (full 0):
 garbage-first heap   total 74752K, used 23858K [0x00000000ca600000, 0x0000000100000000)
  region size 1024K, 4 young (4096K), 4 survivors (4096K)
 Metaspace       used 32022K, committed 32448K, reserved 1114112K
  class space    used 3745K, committed 3904K, reserved 1048576K
}
Event: 4.596 GC heap before
{Heap before GC invocations=14 (full 0):
 garbage-first heap   total 74752K, used 71986K [0x00000000ca600000, 0x0000000100000000)
  region size 1024K, 43 young (44032K), 4 survivors (4096K)
 Metaspace       used 32310K, committed 32704K, reserved 1114112K
  class space    used 3754K, committed 3904K, reserved 1048576K
}
Event: 4.598 GC heap after
{Heap after GC invocations=15 (full 0):
 garbage-first heap   total 91136K, used 22001K [0x00000000ca600000, 0x0000000100000000)
  region size 1024K, 2 young (2048K), 2 survivors (2048K)
 Metaspace       used 32310K, committed 32704K, reserved 1114112K
  class space    used 3754K, committed 3904K, reserved 1048576K
}
Event: 5.299 GC heap before
{Heap before GC invocations=15 (full 0):
 garbage-first heap   total 91136K, used 81393K [0x00000000ca600000, 0x0000000100000000)
  region size 1024K, 53 young (54272K), 2 survivors (2048K)
 Metaspace       used 35719K, committed 36096K, reserved 1114112K
  class space    used 4188K, committed 4352K, reserved 1048576K
}
Event: 5.305 GC heap after
{Heap after GC invocations=16 (full 0):
 garbage-first heap   total 91136K, used 25385K [0x00000000ca600000, 0x0000000100000000)
  region size 1024K, 5 young (5120K), 5 survivors (5120K)
 Metaspace       used 35719K, committed 36096K, reserved 1114112K
  class space    used 4188K, committed 4352K, reserved 1048576K
}
Event: 6.205 GC heap before
{Heap before GC invocations=16 (full 0):
 garbage-first heap   total 91136K, used 77609K [0x00000000ca600000, 0x0000000100000000)
  region size 1024K, 53 young (54272K), 5 survivors (5120K)
 Metaspace       used 40722K, committed 41216K, reserved 1114112K
  class space    used 4730K, committed 4928K, reserved 1048576K
}
Event: 6.214 GC heap after
{Heap after GC invocations=17 (full 0):
 garbage-first heap   total 91136K, used 32116K [0x00000000ca600000, 0x0000000100000000)
  region size 1024K, 7 young (7168K), 7 survivors (7168K)
 Metaspace       used 40722K, committed 41216K, reserved 1114112K
  class space    used 4730K, committed 4928K, reserved 1048576K
}
Event: 7.102 GC heap before
{Heap before GC invocations=17 (full 0):
 garbage-first heap   total 91136K, used 73076K [0x00000000ca600000, 0x0000000100000000)
  region size 1024K, 48 young (49152K), 7 survivors (7168K)
 Metaspace       used 51366K, committed 51840K, reserved 1114112K
  class space    used 5982K, committed 6208K, reserved 1048576K
}
Event: 7.113 GC heap after
{Heap after GC invocations=18 (full 0):
 garbage-first heap   total 91136K, used 34457K [0x00000000ca600000, 0x0000000100000000)
  region size 1024K, 3 young (3072K), 3 survivors (3072K)
 Metaspace       used 51366K, committed 51840K, reserved 1114112K
  class space    used 5982K, committed 6208K, reserved 1048576K
}

