# JRE version: OpenJDK Runtime Environment Temurin-21.0.10+7 (21.0.10+7) (build 21.0.10+7-LTS)
# Java VM: OpenJDK 64-Bit Server VM Temurin-21.0.10+7 (21.0.10+7-LTS, mixed mode, sharing, tiered, compressed oops, compressed class ptrs, g1 gc, windows-amd64)
GC Precious Log:
 CardTable entry size: 512
 Card Set container configuration: InlinePtr #cards 5 size 8 Array Of Cards #cards 12 size 40 Howl #buckets 4 coarsen threshold 1843 Howl Bitmap #cards 512 size 80 coarsen threshold 460 Card regions per heap region 1 cards per card region 2048
 CPUs: 12 total, 12 available
 Memory: 3425M
 Large Page Support: Disabled
 NUMA Support: Disabled
 Compressed Oops: Enabled (32-bit)
 Heap Region Size: 1M
 Heap Min Capacity: 8M
 Heap Initial Capacity: 54M
 Heap Max Capacity: 1G
 Pre-touch: Disabled
 Parallel Workers: 10
 Concurrent Workers: 3
 Concurrent Refinement Workers: 10
 Periodic GC: Disabled
Heap:
 garbage-first heap   total 75776K, used 42490K [0x00000000c0000000, 0x0000000100000000)
  region size 1024K, 17 young (17408K), 1 survivors (1024K)
 Metaspace       used 32341K, committed 32704K, reserved 1114112K
  class space    used 3751K, committed 3904K, reserved 1048576K
GC Heap History (20 events):
Event: 2.295 GC heap before
{Heap before GC invocations=2 (full 0):
 garbage-first heap   total 55296K, used 35832K [0x00000000c0000000, 0x0000000100000000)
  region size 1024K, 32 young (32768K), 2 survivors (2048K)
 Metaspace       used 15475K, committed 15680K, reserved 1114112K
  class space    used 1873K, committed 1984K, reserved 1048576K
}
Event: 2.302 GC heap after
{Heap after GC invocations=3 (full 0):
 garbage-first heap   total 55296K, used 8385K [0x00000000c0000000, 0x0000000100000000)
  region size 1024K, 4 young (4096K), 4 survivors (4096K)
 Metaspace       used 15475K, committed 15680K, reserved 1114112K
  class space    used 1873K, committed 1984K, reserved 1048576K
}
Event: 2.675 GC heap before
{Heap before GC invocations=3 (full 0):
 garbage-first heap   total 55296K, used 37057K [0x00000000c0000000, 0x0000000100000000)
  region size 1024K, 32 young (32768K), 4 survivors (4096K)
 Metaspace       used 16234K, committed 16448K, reserved 1114112K
  class space    used 1931K, committed 2048K, reserved 1048576K
}
Event: 2.686 GC heap after
{Heap after GC invocations=4 (full 0):
 garbage-first heap   total 55296K, used 11688K [0x00000000c0000000, 0x0000000100000000)
  region size 1024K, 3 young (3072K), 3 survivors (3072K)
 Metaspace       used 16234K, committed 16448K, reserved 1114112K
  class space    used 1931K, committed 2048K, reserved 1048576K
}
Event: 3.332 GC heap before
{Heap before GC invocations=4 (full 0):
 garbage-first heap   total 55296K, used 40360K [0x00000000c0000000, 0x0000000100000000)
  region size 1024K, 32 young (32768K), 3 survivors (3072K)
 Metaspace       used 21151K, committed 21504K, reserved 1114112K
  class space    used 2539K, committed 2688K, reserved 1048576K
}
Event: 3.338 GC heap after
{Heap after GC invocations=5 (full 0):
 garbage-first heap   total 55296K, used 14420K [0x00000000c0000000, 0x0000000100000000)
  region size 1024K, 3 young (3072K), 3 survivors (3072K)
 Metaspace       used 21151K, committed 21504K, reserved 1114112K
  class space    used 2539K, committed 2688K, reserved 1048576K
}
Event: 3.947 GC heap before
{Heap before GC invocations=6 (full 0):
 garbage-first heap   total 51200K, used 44116K [0x00000000c0000000, 0x0000000100000000)
  region size 1024K, 32 young (32768K), 3 survivors (3072K)
 Metaspace       used 27017K, committed 27392K, reserved 1114112K
  class space    used 3219K, committed 3392K, reserved 1048576K
}
Event: 3.954 GC heap after
{Heap after GC invocations=7 (full 0):
 garbage-first heap   total 61440K, used 16196K [0x00000000c0000000, 0x0000000100000000)
  region size 1024K, 2 young (2048K), 2 survivors (2048K)
 Metaspace       used 27017K, committed 27392K, reserved 1114112K
  class space    used 3219K, committed 3392K, reserved 1048576K
}
Event: 4.707 GC heap before
{Heap before GC invocations=7 (full 0):
 garbage-first heap   total 61440K, used 49988K [0x00000000c0000000, 0x0000000100000000)
  region size 1024K, 35 young (35840K), 2 survivors (2048K)
 Metaspace       used 28369K, committed 28736K, reserved 1114112K
  class space    used 3317K, committed 3456K, reserved 1048576K
}
Event: 4.711 GC heap after
{Heap after GC invocations=8 (full 0):
 garbage-first heap   total 61440K, used 18129K [0x00000000c0000000, 0x0000000100000000)
  region size 1024K, 4 young (4096K), 4 survivors (4096K)
 Metaspace       used 28369K, committed 28736K, reserved 1114112K
  class space    used 3317K, committed 3456K, reserved 1048576K
}
Event: 5.147 GC heap before
{Heap before GC invocations=8 (full 0):
 garbage-first heap   total 61440K, used 54993K [0x00000000c0000000, 0x0000000100000000)
  region size 1024K, 28 young (28672K), 4 survivors (4096K)
 Metaspace       used 30652K, committed 31040K, reserved 1114112K
  class space    used 3654K, committed 3840K, reserved 1048576K
}
Event: 5.152 GC heap after
{Heap after GC invocations=9 (full 0):
 garbage-first heap   total 62464K, used 33141K [0x00000000c0000000, 0x0000000100000000)
  region size 1024K, 4 young (4096K), 4 survivors (4096K)
 Metaspace       used 30652K, committed 31040K, reserved 1114112K
  class space    used 3654K, committed 3840K, reserved 1048576K
}
Event: 5.535 GC heap before
{Heap before GC invocations=10 (full 0):
 garbage-first heap   total 62464K, used 60789K [0x00000000c0000000, 0x0000000100000000)
  region size 1024K, 22 young (22528K), 4 survivors (4096K)
 Metaspace       used 31293K, committed 31616K, reserved 1114112K
  class space    used 3711K, committed 3840K, reserved 1048576K
}
Event: 5.537 GC heap after
{Heap after GC invocations=11 (full 0):
 garbage-first heap   total 66560K, used 19865K [0x00000000c0000000, 0x0000000100000000)
  region size 1024K, 2 young (2048K), 2 survivors (2048K)
 Metaspace       used 31293K, committed 31616K, reserved 1114112K
  class space    used 3711K, committed 3840K, reserved 1048576K
}
Event: 7.958 GC heap before
{Heap before GC invocations=11 (full 0):
 garbage-first heap   total 66560K, used 65945K [0x00000000c0000000, 0x0000000100000000)
  region size 1024K, 36 young (36864K), 2 survivors (2048K)
 Metaspace       used 31997K, committed 32384K, reserved 1114112K
  class space    used 3742K, committed 3904K, reserved 1048576K
}
Event: 7.963 GC heap after
{Heap after GC invocations=12 (full 0):
 garbage-first heap   total 71680K, used 22066K [0x00000000c0000000, 0x0000000100000000)
  region size 1024K, 5 young (5120K), 5 survivors (5120K)
 Metaspace       used 31997K, committed 32384K, reserved 1114112K
  class space    used 3742K, committed 3904K, reserved 1048576K
}
Event: 9.252 GC heap before
{Heap before GC invocations=12 (full 0):
 garbage-first heap   total 71680K, used 68146K [0x00000000c0000000, 0x0000000100000000)
  region size 1024K, 42 young (43008K), 5 survivors (5120K)
 Metaspace       used 32255K, committed 32640K, reserved 1114112K
  class space    used 3751K, committed 3904K, reserved 1048576K
}
Event: 10.269 GC heap after
{Heap after GC invocations=13 (full 0):
 garbage-first heap   total 75776K, used 24102K [0x00000000c0000000, 0x0000000100000000)
  region size 1024K, 5 young (5120K), 5 survivors (5120K)
 Metaspace       used 32255K, committed 32640K, reserved 1114112K
  class space    used 3751K, committed 3904K, reserved 1048576K
}
Event: 10.292 GC heap before
{Heap before GC invocations=13 (full 0):
 garbage-first heap   total 75776K, used 25126K [0x00000000c0000000, 0x0000000100000000)
  region size 1024K, 6 young (6144K), 5 survivors (5120K)
 Metaspace       used 32268K, committed 32640K, reserved 1114112K
  class space    used 3751K, committed 3904K, reserved 1048576K
}
Event: 10.295 GC heap after
{Heap after GC invocations=14 (full 0):
 garbage-first heap   total 75776K, used 20986K [0x00000000c0000000, 0x0000000100000000)
  region size 1024K, 1 young (1024K), 1 survivors (1024K)
 Metaspace       used 32268K, committed 32640K, reserved 1114112K
  class space    used 3751K, committed 3904K, reserved 1048576K
}

